This is pdfTeX, Version 3.141592653-2.6-1.40.23 (TeX Live 2022/dev) (preloaded format=pdflatex 2021.12.16)  17 DEC 2021 14:39
entering extended mode
 restricted \write18 enabled.
 %&-line parsing enabled.
**20211217_sol_exam.tex
(./20211217_sol_exam.tex
LaTeX2e <2021-11-15> patch level 1
L3 programming layer <2021-11-22> (/Users/pvr/Library/TinyTeX/texmf-dist/tex/la
tex/base/article.cls
Document Class: article 2021/10/04 v1.4n Standard LaTeX document class
(/Users/pvr/Library/TinyTeX/texmf-dist/tex/latex/base/size10.clo
File: size10.clo 2021/10/04 v1.4n Standard LaTeX file (size option)
)
\c@part=\count183
\c@section=\count184
\c@subsection=\count185
\c@subsubsection=\count186
\c@paragraph=\count187
\c@subparagraph=\count188
\c@figure=\count189
\c@table=\count190
\abovecaptionskip=\skip47
\belowcaptionskip=\skip48
\bibindent=\dimen138
) (/Users/pvr/Library/TinyTeX/texmf-dist/tex/latex/amsmath/amsmath.sty
Package: amsmath 2021/10/15 v2.17l AMS math features
\@mathmargin=\skip49
For additional information on amsmath, use the `?' option.
(/Users/pvr/Library/TinyTeX/texmf-dist/tex/latex/amsmath/amstext.sty
Package: amstext 2021/08/26 v2.01 AMS text
(/Users/pvr/Library/TinyTeX/texmf-dist/tex/latex/amsmath/amsgen.sty
File: amsgen.sty 1999/11/30 v2.0 generic functions
\@emptytoks=\toks16
\ex@=\dimen139
)) (/Users/pvr/Library/TinyTeX/texmf-dist/tex/latex/amsmath/amsbsy.sty
Package: amsbsy 1999/11/29 v1.2d Bold Symbols
\pmbraise@=\dimen140
) (/Users/pvr/Library/TinyTeX/texmf-dist/tex/latex/amsmath/amsopn.sty
Package: amsopn 2021/08/26 v2.02 operator names
)
\inf@bad=\count191
LaTeX Info: Redefining \frac on input line 234.
\uproot@=\count192
\leftroot@=\count193
LaTeX Info: Redefining \overline on input line 399.
\classnum@=\count194
\DOTSCASE@=\count195
LaTeX Info: Redefining \ldots on input line 496.
LaTeX Info: Redefining \dots on input line 499.
LaTeX Info: Redefining \cdots on input line 620.
\Mathstrutbox@=\box50
\strutbox@=\box51
\big@size=\dimen141
LaTeX Font Info:    Redeclaring font encoding OML on input line 743.
LaTeX Font Info:    Redeclaring font encoding OMS on input line 744.
\macc@depth=\count196
\c@MaxMatrixCols=\count197
\dotsspace@=\muskip16
\c@parentequation=\count198
\dspbrk@lvl=\count199
\tag@help=\toks17
\row@=\count266
\column@=\count267
\maxfields@=\count268
\andhelp@=\toks18
\eqnshift@=\dimen142
\alignsep@=\dimen143
\tagshift@=\dimen144
\tagwidth@=\dimen145
\totwidth@=\dimen146
\lineht@=\dimen147
\@envbody=\toks19
\multlinegap=\skip50
\multlinetaggap=\skip51
\mathdisplay@stack=\toks20
LaTeX Info: Redefining \[ on input line 2938.
LaTeX Info: Redefining \] on input line 2939.
) (/Users/pvr/Library/TinyTeX/texmf-dist/tex/latex/amsfonts/amssymb.sty
Package: amssymb 2013/01/14 v3.01 AMS font symbols
(/Users/pvr/Library/TinyTeX/texmf-dist/tex/latex/amsfonts/amsfonts.sty
Package: amsfonts 2013/01/14 v3.01 Basic AMSFonts support
\symAMSa=\mathgroup4
\symAMSb=\mathgroup5
LaTeX Font Info:    Redeclaring math symbol \hbar on input line 98.
LaTeX Font Info:    Overwriting math alphabet `\mathfrak' in version `bold'
(Font)                  U/euf/m/n --> U/euf/b/n on input line 106.
)) (/Users/pvr/Library/TinyTeX/texmf-dist/tex/latex/lm/lmodern.sty
Package: lmodern 2015/05/01 v1.6.1 Latin Modern Fonts
LaTeX Font Info:    Overwriting symbol font `operators' in version `normal'
(Font)                  OT1/cmr/m/n --> OT1/lmr/m/n on input line 22.
LaTeX Font Info:    Overwriting symbol font `letters' in version `normal'
(Font)                  OML/cmm/m/it --> OML/lmm/m/it on input line 23.
LaTeX Font Info:    Overwriting symbol font `symbols' in version `normal'
(Font)                  OMS/cmsy/m/n --> OMS/lmsy/m/n on input line 24.
LaTeX Font Info:    Overwriting symbol font `largesymbols' in version `normal'
(Font)                  OMX/cmex/m/n --> OMX/lmex/m/n on input line 25.
LaTeX Font Info:    Overwriting symbol font `operators' in version `bold'
(Font)                  OT1/cmr/bx/n --> OT1/lmr/bx/n on input line 26.
LaTeX Font Info:    Overwriting symbol font `letters' in version `bold'
(Font)                  OML/cmm/b/it --> OML/lmm/b/it on input line 27.
LaTeX Font Info:    Overwriting symbol font `symbols' in version `bold'
(Font)                  OMS/cmsy/b/n --> OMS/lmsy/b/n on input line 28.
LaTeX Font Info:    Overwriting symbol font `largesymbols' in version `bold'
(Font)                  OMX/cmex/m/n --> OMX/lmex/m/n on input line 29.
LaTeX Font Info:    Overwriting math alphabet `\mathbf' in version `normal'
(Font)                  OT1/cmr/bx/n --> OT1/lmr/bx/n on input line 31.
LaTeX Font Info:    Overwriting math alphabet `\mathsf' in version `normal'
(Font)                  OT1/cmss/m/n --> OT1/lmss/m/n on input line 32.
LaTeX Font Info:    Overwriting math alphabet `\mathit' in version `normal'
(Font)                  OT1/cmr/m/it --> OT1/lmr/m/it on input line 33.
LaTeX Font Info:    Overwriting math alphabet `\mathtt' in version `normal'
(Font)                  OT1/cmtt/m/n --> OT1/lmtt/m/n on input line 34.
LaTeX Font Info:    Overwriting math alphabet `\mathbf' in version `bold'
(Font)                  OT1/cmr/bx/n --> OT1/lmr/bx/n on input line 35.
LaTeX Font Info:    Overwriting math alphabet `\mathsf' in version `bold'
(Font)                  OT1/cmss/bx/n --> OT1/lmss/bx/n on input line 36.
LaTeX Font Info:    Overwriting math alphabet `\mathit' in version `bold'
(Font)                  OT1/cmr/bx/it --> OT1/lmr/bx/it on input line 37.
LaTeX Font Info:    Overwriting math alphabet `\mathtt' in version `bold'
(Font)                  OT1/cmtt/m/n --> OT1/lmtt/m/n on input line 38.
) (/Users/pvr/Library/TinyTeX/texmf-dist/tex/generic/iftex/iftex.sty
Package: iftex 2020/03/06 v1.0d TeX engine tests
) (/Users/pvr/Library/TinyTeX/texmf-dist/tex/latex/base/fontenc.sty
Package: fontenc 2021/04/29 v2.0v Standard LaTeX package
LaTeX Font Info:    Trying to load font information for T1+lmr on input line 11
2.
(/Users/pvr/Library/TinyTeX/texmf-dist/tex/latex/lm/t1lmr.fd
File: t1lmr.fd 2015/05/01 v1.6.1 Font defs for Latin Modern
)) (/Users/pvr/Library/TinyTeX/texmf-dist/tex/latex/base/inputenc.sty
Package: inputenc 2021/02/14 v1.3d Input encoding file
\inpenc@prehook=\toks21
\inpenc@posthook=\toks22
) (/Users/pvr/Library/TinyTeX/texmf-dist/tex/latex/base/textcomp.sty
Package: textcomp 2020/02/02 v2.0n Standard LaTeX package
) (/Users/pvr/Library/TinyTeX/texmf-dist/tex/latex/upquote/upquote.sty
Package: upquote 2012/04/19 v1.3 upright-quote and grave-accent glyphs in verba
tim
) (/Users/pvr/Library/TinyTeX/texmf-dist/tex/latex/microtype/microtype.sty
Package: microtype 2021/12/10 v3.0b Micro-typographical refinements (RS)
(/Users/pvr/Library/TinyTeX/texmf-dist/tex/latex/graphics/keyval.sty
Package: keyval 2014/10/28 v1.15 key=value parser (DPC)
\KV@toks@=\toks23
) (/Users/pvr/Library/TinyTeX/texmf-dist/tex/latex/etoolbox/etoolbox.sty
Package: etoolbox 2020/10/05 v2.5k e-TeX tools for LaTeX (JAW)
\etb@tempcnta=\count269
)
\MT@toks=\toks24
\MT@count=\count270
\MT@tempbox=\box52
LaTeX Info: Redefining \leftprotrusion on input line 1010.
LaTeX Info: Redefining \rightprotrusion on input line 1018.
LaTeX Info: Redefining \textls on input line 1173.
\MT@outer@kern=\dimen148
LaTeX Info: Redefining \textmicrotypecontext on input line 1759.
\MT@listname@count=\count271

(/Users/pvr/Library/TinyTeX/texmf-dist/tex/latex/microtype/microtype-pdftex.def
File: microtype-pdftex.def 2021/12/10 v3.0b Definitions specific to pdftex (RS)

LaTeX Info: Redefining \lsstyle on input line 897.
LaTeX Info: Redefining \lslig on input line 897.
\MT@outer@space=\skip52
)
Package microtype Info: Loading configuration file microtype.cfg.
(/Users/pvr/Library/TinyTeX/texmf-dist/tex/latex/microtype/microtype.cfg
File: microtype.cfg 2021/12/10 v3.0b microtype main configuration file (RS)
)) (/Users/pvr/Library/TinyTeX/texmf-dist/tex/latex/parskip/parskip.sty
Package: parskip 2021-03-14 v2.0h non-zero parskip adjustments
(/Users/pvr/Library/TinyTeX/texmf-dist/tex/latex/kvoptions/kvoptions.sty
Package: kvoptions 2020-10-07 v3.14 Key value format for package options (HO)
(/Users/pvr/Library/TinyTeX/texmf-dist/tex/generic/ltxcmds/ltxcmds.sty
Package: ltxcmds 2020-05-10 v1.25 LaTeX kernel commands for general use (HO)
) (/Users/pvr/Library/TinyTeX/texmf-dist/tex/generic/kvsetkeys/kvsetkeys.sty
Package: kvsetkeys 2019/12/15 v1.18 Key value parser (HO)
))) (/Users/pvr/Library/TinyTeX/texmf-dist/tex/latex/xcolor/xcolor.sty
Package: xcolor 2021/10/31 v2.13 LaTeX color extensions (UK)
(/Users/pvr/Library/TinyTeX/texmf-dist/tex/latex/graphics-cfg/color.cfg
File: color.cfg 2016/01/02 v1.6 sample color configuration
)
Package xcolor Info: Driver file: pdftex.def on input line 227.
(/Users/pvr/Library/TinyTeX/texmf-dist/tex/latex/graphics-def/pdftex.def
File: pdftex.def 2020/10/05 v1.2a Graphics/color driver for pdftex
)
Package xcolor Info: Model `cmy' substituted by `cmy0' on input line 1352.
Package xcolor Info: Model `hsb' substituted by `rgb' on input line 1356.
Package xcolor Info: Model `RGB' extended on input line 1368.
Package xcolor Info: Model `HTML' substituted by `rgb' on input line 1370.
Package xcolor Info: Model `Hsb' substituted by `hsb' on input line 1371.
Package xcolor Info: Model `tHsb' substituted by `hsb' on input line 1372.
Package xcolor Info: Model `HSB' substituted by `hsb' on input line 1373.
Package xcolor Info: Model `Gray' substituted by `gray' on input line 1374.
Package xcolor Info: Model `wave' substituted by `hsb' on input line 1375.
) (/Users/pvr/Library/TinyTeX/texmf-dist/tex/latex/hyperref/hyperref.sty
Package: hyperref 2021-06-07 v7.00m Hypertext links for LaTeX
(/Users/pvr/Library/TinyTeX/texmf-dist/tex/generic/pdftexcmds/pdftexcmds.sty
Package: pdftexcmds 2020-06-27 v0.33 Utility functions of pdfTeX for LuaTeX (HO
)
(/Users/pvr/Library/TinyTeX/texmf-dist/tex/generic/infwarerr/infwarerr.sty
Package: infwarerr 2019/12/03 v1.5 Providing info/warning/error messages (HO)
)
Package pdftexcmds Info: \pdf@primitive is available.
Package pdftexcmds Info: \pdf@ifprimitive is available.
Package pdftexcmds Info: \pdfdraftmode found.
)
(/Users/pvr/Library/TinyTeX/texmf-dist/tex/generic/kvdefinekeys/kvdefinekeys.st
y
Package: kvdefinekeys 2019-12-19 v1.6 Define keys (HO)
) (/Users/pvr/Library/TinyTeX/texmf-dist/tex/generic/pdfescape/pdfescape.sty
Package: pdfescape 2019/12/09 v1.15 Implements pdfTeX's escape features (HO)
) (/Users/pvr/Library/TinyTeX/texmf-dist/tex/latex/hycolor/hycolor.sty
Package: hycolor 2020-01-27 v1.10 Color options for hyperref/bookmark (HO)
) (/Users/pvr/Library/TinyTeX/texmf-dist/tex/latex/letltxmacro/letltxmacro.sty
Package: letltxmacro 2019/12/03 v1.6 Let assignment for LaTeX macros (HO)
) (/Users/pvr/Library/TinyTeX/texmf-dist/tex/latex/auxhook/auxhook.sty
Package: auxhook 2019-12-17 v1.6 Hooks for auxiliary files (HO)
)
\@linkdim=\dimen149
\Hy@linkcounter=\count272
\Hy@pagecounter=\count273
(/Users/pvr/Library/TinyTeX/texmf-dist/tex/latex/hyperref/pd1enc.def
File: pd1enc.def 2021-06-07 v7.00m Hyperref: PDFDocEncoding definition (HO)
Now handling font encoding PD1 ...
... no UTF-8 mapping file for font encoding PD1
)
(/Users/pvr/Library/TinyTeX/texmf-dist/tex/latex/hyperref/hyperref-langpatches.
def
File: hyperref-langpatches.def 2021-06-07 v7.00m Hyperref: patches for babel la
nguages
) (/Users/pvr/Library/TinyTeX/texmf-dist/tex/generic/intcalc/intcalc.sty
Package: intcalc 2019/12/15 v1.3 Expandable calculations with integers (HO)
) (/Users/pvr/Library/TinyTeX/texmf-dist/tex/generic/etexcmds/etexcmds.sty
Package: etexcmds 2019/12/15 v1.7 Avoid name clashes with e-TeX commands (HO)
)
\Hy@SavedSpaceFactor=\count274
(/Users/pvr/Library/TinyTeX/texmf-dist/tex/latex/hyperref/puenc.def
File: puenc.def 2021-06-07 v7.00m Hyperref: PDF Unicode definition (HO)
Now handling font encoding PU ...
... no UTF-8 mapping file for font encoding PU
)
Package hyperref Info: Option `unicode' set `true' on input line 4073.
Package hyperref Info: Hyper figures OFF on input line 4192.
Package hyperref Info: Link nesting OFF on input line 4197.
Package hyperref Info: Hyper index ON on input line 4200.
Package hyperref Info: Plain pages OFF on input line 4207.
Package hyperref Info: Backreferencing OFF on input line 4212.
Package hyperref Info: Implicit mode ON; LaTeX internals redefined.
Package hyperref Info: Bookmarks ON on input line 4445.
\c@Hy@tempcnt=\count275
(/Users/pvr/Library/TinyTeX/texmf-dist/tex/latex/url/url.sty
\Urlmuskip=\muskip17
Package: url 2013/09/16  ver 3.4  Verb mode for urls, etc.
)
LaTeX Info: Redefining \url on input line 4804.
\XeTeXLinkMargin=\dimen150
(/Users/pvr/Library/TinyTeX/texmf-dist/tex/generic/bitset/bitset.sty
Package: bitset 2019/12/09 v1.3 Handle bit-vector datatype (HO)
(/Users/pvr/Library/TinyTeX/texmf-dist/tex/generic/bigintcalc/bigintcalc.sty
Package: bigintcalc 2019/12/15 v1.5 Expandable calculations on big integers (HO
)
))
\Fld@menulength=\count276
\Field@Width=\dimen151
\Fld@charsize=\dimen152
Package hyperref Info: Hyper figures OFF on input line 6076.
Package hyperref Info: Link nesting OFF on input line 6081.
Package hyperref Info: Hyper index ON on input line 6084.
Package hyperref Info: backreferencing OFF on input line 6091.
Package hyperref Info: Link coloring OFF on input line 6096.
Package hyperref Info: Link coloring with OCG OFF on input line 6101.
Package hyperref Info: PDF/A mode OFF on input line 6106.
LaTeX Info: Redefining \ref on input line 6146.
LaTeX Info: Redefining \pageref on input line 6150.
(/Users/pvr/Library/TinyTeX/texmf-dist/tex/latex/base/atbegshi-ltx.sty
Package: atbegshi-ltx 2021/01/10 v1.0c Emulation of the original atbegshi
package with kernel methods
)
\Hy@abspage=\count277
\c@Item=\count278
\c@Hfootnote=\count279
)
Package hyperref Info: Driver (autodetected): hpdftex.
(/Users/pvr/Library/TinyTeX/texmf-dist/tex/latex/hyperref/hpdftex.def
File: hpdftex.def 2021-06-07 v7.00m Hyperref driver for pdfTeX
(/Users/pvr/Library/TinyTeX/texmf-dist/tex/latex/base/atveryend-ltx.sty
Package: atveryend-ltx 2020/08/19 v1.0a Emulation of the original atveryend pac
kage
with kernel methods
)
\Fld@listcount=\count280
\c@bookmark@seq@number=\count281

(/Users/pvr/Library/TinyTeX/texmf-dist/tex/latex/rerunfilecheck/rerunfilecheck.
sty
Package: rerunfilecheck 2019/12/05 v1.9 Rerun checks for auxiliary files (HO)

(/Users/pvr/Library/TinyTeX/texmf-dist/tex/generic/uniquecounter/uniquecounter.
sty
Package: uniquecounter 2019/12/15 v1.4 Provide unlimited unique counter (HO)
)
Package uniquecounter Info: New unique counter `rerunfilecheck' on input line 2
86.
)
\Hy@SectionHShift=\skip53
) (/Users/pvr/Library/TinyTeX/texmf-dist/tex/latex/fancyvrb/fancyvrb.sty
Package: fancyvrb 2021/11/24\nobreakspace {} 4.1a\nobreakspace {}verbatim text 
(tvz,hv)
\FV@CodeLineNo=\count282
\FV@InFile=\read2
\FV@TabBox=\box53
\c@FancyVerbLine=\count283
\FV@StepNumber=\count284
\FV@OutFile=\write3
) (/Users/pvr/Library/TinyTeX/texmf-dist/tex/latex/framed/framed.sty
Package: framed 2011/10/22 v 0.96: framed or shaded text with page breaks
\OuterFrameSep=\skip54
\fb@frw=\dimen153
\fb@frh=\dimen154
\FrameRule=\dimen155
\FrameSep=\dimen156
) (/Users/pvr/Library/TinyTeX/texmf-dist/tex/latex/graphics/graphicx.sty
Package: graphicx 2021/09/16 v1.2d Enhanced LaTeX Graphics (DPC,SPQR)
(/Users/pvr/Library/TinyTeX/texmf-dist/tex/latex/graphics/graphics.sty
Package: graphics 2021/03/04 v1.4d Standard LaTeX Graphics (DPC,SPQR)
(/Users/pvr/Library/TinyTeX/texmf-dist/tex/latex/graphics/trig.sty
Package: trig 2021/08/11 v1.11 sin cos tan (DPC)
) (/Users/pvr/Library/TinyTeX/texmf-dist/tex/latex/graphics-cfg/graphics.cfg
File: graphics.cfg 2016/06/04 v1.11 sample graphics configuration
)
Package graphics Info: Driver file: pdftex.def on input line 107.
)
\Gin@req@height=\dimen157
\Gin@req@width=\dimen158
) (/Users/pvr/Library/TinyTeX/texmf-dist/tex/latex/booktabs/booktabs.sty
Package: booktabs 2020/01/12 v1.61803398 Publication quality tables
\heavyrulewidth=\dimen159
\lightrulewidth=\dimen160
\cmidrulewidth=\dimen161
\belowrulesep=\dimen162
\belowbottomsep=\dimen163
\aboverulesep=\dimen164
\abovetopsep=\dimen165
\cmidrulesep=\dimen166
\cmidrulekern=\dimen167
\defaultaddspace=\dimen168
\@cmidla=\count285
\@cmidlb=\count286
\@aboverulesep=\dimen169
\@belowrulesep=\dimen170
\@thisruleclass=\count287
\@lastruleclass=\count288
\@thisrulewidth=\dimen171
)
(/Users/pvr/Library/TinyTeX/texmf-dist/tex/latex/l3backend/l3backend-pdftex.def
File: l3backend-pdftex.def 2021-12-14 L3 backend support: PDF output (pdfTeX)
\l__color_backend_stack_int=\count289
\l__pdf_internal_box=\box54
) (./20211217_sol_exam.aux)
\openout1 = `20211217_sol_exam.aux'.

LaTeX Font Info:    Checking defaults for OML/cmm/m/it on input line 116.
LaTeX Font Info:    ... okay on input line 116.
LaTeX Font Info:    Checking defaults for OMS/cmsy/m/n on input line 116.
LaTeX Font Info:    ... okay on input line 116.
LaTeX Font Info:    Checking defaults for OT1/cmr/m/n on input line 116.
LaTeX Font Info:    ... okay on input line 116.
LaTeX Font Info:    Checking defaults for T1/cmr/m/n on input line 116.
LaTeX Font Info:    ... okay on input line 116.
LaTeX Font Info:    Checking defaults for TS1/cmr/m/n on input line 116.
LaTeX Font Info:    ... okay on input line 116.
LaTeX Font Info:    Checking defaults for OMX/cmex/m/n on input line 116.
LaTeX Font Info:    ... okay on input line 116.
LaTeX Font Info:    Checking defaults for U/cmr/m/n on input line 116.
LaTeX Font Info:    ... okay on input line 116.
LaTeX Font Info:    Checking defaults for PD1/pdf/m/n on input line 116.
LaTeX Font Info:    ... okay on input line 116.
LaTeX Font Info:    Checking defaults for PU/pdf/m/n on input line 116.
LaTeX Font Info:    ... okay on input line 116.
LaTeX Info: Redefining \microtypecontext on input line 116.
Package microtype Info: Applying patch `item' on input line 116.
Package microtype Info: Applying patch `toc' on input line 116.
Package microtype Info: Applying patch `eqnum' on input line 116.
Package microtype Info: Applying patch `footnote' on input line 116.
Package microtype Info: Generating PDF output.
Package microtype Info: Character protrusion enabled (level 2).
Package microtype Info: Using protrusion set `basicmath'.
Package microtype Info: Automatic font expansion enabled (level 2),
(microtype)             stretch: 20, shrink: 20, step: 1, non-selected.
Package microtype Info: Using default expansion set `alltext-nott'.
LaTeX Info: Redefining \showhyphens on input line 116.
Package microtype Info: No adjustment of tracking.
Package microtype Info: No adjustment of interword spacing.
Package microtype Info: No adjustment of character kerning.
(/Users/pvr/Library/TinyTeX/texmf-dist/tex/latex/microtype/mt-cmr.cfg
File: mt-cmr.cfg 2013/05/19 v2.2 microtype config. file: Computer Modern Roman 
(RS)
)
(/Users/pvr/Library/TinyTeX/texmf-dist/tex/latex/epstopdf-pkg/epstopdf-base.sty
Package: epstopdf-base 2020-01-24 v2.11 Base part for package epstopdf
Package epstopdf-base Info: Redefining graphics rule for `.eps' on input line 4
85.
(/Users/pvr/Library/TinyTeX/texmf-dist/tex/latex/latexconfig/epstopdf-sys.cfg
File: epstopdf-sys.cfg 2010/07/13 v1.3 Configuration of (r)epstopdf for TeX Liv
e
))
Package hyperref Info: Link coloring OFF on input line 116.
(/Users/pvr/Library/TinyTeX/texmf-dist/tex/latex/hyperref/nameref.sty
Package: nameref 2021-04-02 v2.47 Cross-referencing by name of section
(/Users/pvr/Library/TinyTeX/texmf-dist/tex/latex/refcount/refcount.sty
Package: refcount 2019/12/15 v3.6 Data extraction from label references (HO)
)
(/Users/pvr/Library/TinyTeX/texmf-dist/tex/generic/gettitlestring/gettitlestrin
g.sty
Package: gettitlestring 2019/12/15 v1.6 Cleanup title references (HO)
)
\c@section@level=\count290
)
LaTeX Info: Redefining \ref on input line 116.
LaTeX Info: Redefining \pageref on input line 116.
LaTeX Info: Redefining \nameref on input line 116.
(./20211217_sol_exam.out) (./20211217_sol_exam.out)
\@outlinefile=\write4
\openout4 = `20211217_sol_exam.out'.

LaTeX Font Info:    Trying to load font information for OT1+lmr on input line 1
20.
(/Users/pvr/Library/TinyTeX/texmf-dist/tex/latex/lm/ot1lmr.fd
File: ot1lmr.fd 2015/05/01 v1.6.1 Font defs for Latin Modern
)
LaTeX Font Info:    Trying to load font information for OML+lmm on input line 1
20.
(/Users/pvr/Library/TinyTeX/texmf-dist/tex/latex/lm/omllmm.fd
File: omllmm.fd 2015/05/01 v1.6.1 Font defs for Latin Modern
)
LaTeX Font Info:    Trying to load font information for OMS+lmsy on input line 
120.
(/Users/pvr/Library/TinyTeX/texmf-dist/tex/latex/lm/omslmsy.fd
File: omslmsy.fd 2015/05/01 v1.6.1 Font defs for Latin Modern
)
LaTeX Font Info:    Trying to load font information for OMX+lmex on input line 
120.
(/Users/pvr/Library/TinyTeX/texmf-dist/tex/latex/lm/omxlmex.fd
File: omxlmex.fd 2015/05/01 v1.6.1 Font defs for Latin Modern
)
LaTeX Font Info:    External font `lmex10' loaded for size
(Font)              <10> on input line 120.
LaTeX Font Info:    External font `lmex10' loaded for size
(Font)              <7> on input line 120.
LaTeX Font Info:    External font `lmex10' loaded for size
(Font)              <5> on input line 120.
LaTeX Font Info:    Trying to load font information for U+msa on input line 120
.
(/Users/pvr/Library/TinyTeX/texmf-dist/tex/latex/amsfonts/umsa.fd
File: umsa.fd 2013/01/14 v3.01 AMS symbols A
) (/Users/pvr/Library/TinyTeX/texmf-dist/tex/latex/microtype/mt-msa.cfg
File: mt-msa.cfg 2006/02/04 v1.1 microtype config. file: AMS symbols (a) (RS)
)
LaTeX Font Info:    Trying to load font information for U+msb on input line 120
.
(/Users/pvr/Library/TinyTeX/texmf-dist/tex/latex/amsfonts/umsb.fd
File: umsb.fd 2013/01/14 v3.01 AMS symbols B
) (/Users/pvr/Library/TinyTeX/texmf-dist/tex/latex/microtype/mt-msb.cfg
File: mt-msb.cfg 2005/06/01 v1.0 microtype config. file: AMS symbols (b) (RS)
)
Package microtype Info: Character `029' is missing
(microtype)             in font `T1/lmr/m/sc/10'.
(microtype)             Ignoring protrusion settings for this character.

LaTeX Font Warning: Font shape `T1/lmr/m/scit' undefined
(Font)              using `T1/lmr/m/scsl' instead on input line 140.


LaTeX Font Warning: Font shape `T1/lmr/m/scit' undefined
(Font)              using `T1/lmr/m/scsl' instead on input line 141.


LaTeX Font Warning: Font shape `T1/lmr/m/scit' undefined
(Font)              using `T1/lmr/m/scsl' instead on input line 142.

LaTeX Font Info:    External font `lmex10' loaded for size
(Font)              <12> on input line 148.
LaTeX Font Info:    External font `lmex10' loaded for size
(Font)              <8> on input line 148.
LaTeX Font Info:    External font `lmex10' loaded for size
(Font)              <6> on input line 148.

Overfull \hbox (18.20667pt too wide) in paragraph at lines 148--154
[][] 
 []


Overfull \hbox (18.60706pt too wide) in paragraph at lines 157--174
 [] 
 []

[1

{/Users/pvr/Library/TinyTeX/texmf-var/fonts/map/pdftex/updmap/pdftex.map}]
Overfull \hbox (15.9296pt too wide) in paragraph at lines 191--202
[][] 
 []

LaTeX Font Info:    Trying to load font information for T1+lmtt on input line 2
15.
(/Users/pvr/Library/TinyTeX/texmf-dist/tex/latex/lm/t1lmtt.fd
File: t1lmtt.fd 2015/05/01 v1.6.1 Font defs for Latin Modern
)
Overfull \hbox (43.49887pt too wide) in paragraph at lines 229--229
[]\T1/lmtt/m/n/10 ## 5 GINA               2020-01-18 HARRY                 CH12
0.1208.5899.1[] 
 []


Overfull \hbox (1.499pt too wide) in paragraph at lines 252--252
[]\T1/lmtt/m/n/10 ## 5 Gibsy                 1990-12-09 Ginger Hill Angus 133 B
ianca[] 
 []


Overfull \hbox (11.99896pt too wide) in paragraph at lines 252--252
[]\T1/lmtt/m/n/10 ## 6 HARRY                 1997-02-22 HIBISCUS              W
ALBURGA[] 
 []

[2

]
Overfull \hbox (59.24883pt too wide) in paragraph at lines 252--252
[]\T1/lmtt/m/n/10 ## 9 GINA                  2020-01-18 HARRY                 C
H120.1208.5899.1[] 
 []


Overfull \hbox (90.74873pt too wide) in paragraph at lines 295--295
[]\T1/lmtt/m/n/10 ##      ID Animal                Sire           Dam         B
irthdate  SireID DamID[] 
 []


Overfull \hbox (90.74873pt too wide) in paragraph at lines 295--295
[]\T1/lmtt/m/n/10 ##   <int> <chr>                 <chr>          <chr>       <
date>      <int> <int>[] 
 []


Overfull \hbox (90.74873pt too wide) in paragraph at lines 295--295
[]\T1/lmtt/m/n/10 ## 1     1 Bianca                <NA>           <NA>        N
A             NA    NA[] 
 []


Overfull \hbox (90.74873pt too wide) in paragraph at lines 295--295
[]\T1/lmtt/m/n/10 ## 2     2 Ginger Hill Angus 133 <NA>           <NA>        N
A             NA    NA[] 
 []


Overfull \hbox (90.74873pt too wide) in paragraph at lines 295--295
[]\T1/lmtt/m/n/10 ## 3     3 HIBISCUS              <NA>           <NA>        N
A             NA    NA[] 
 []


Overfull \hbox (90.74873pt too wide) in paragraph at lines 295--295
[]\T1/lmtt/m/n/10 ## 4     4 WALBURGA              <NA>           <NA>        N
A             NA    NA[] 
 []


Overfull \hbox (90.74873pt too wide) in paragraph at lines 295--295
[]\T1/lmtt/m/n/10 ## 5     5 Gibsy                 Ginger Hill A~ Bianca      1
990-12-09      2     1[] 
 []


Overfull \hbox (90.74873pt too wide) in paragraph at lines 295--295
[]\T1/lmtt/m/n/10 ## 6     6 HARRY                 HIBISCUS       WALBURGA    1
997-02-22      3     4[] 
 []


Overfull \hbox (90.74873pt too wide) in paragraph at lines 295--295
[]\T1/lmtt/m/n/10 ## 7     7 Gitta                 HARRY          Gibsy       2
001-05-31      6     5[] 
 []


Overfull \hbox (90.74873pt too wide) in paragraph at lines 295--295
[]\T1/lmtt/m/n/10 ## 8     8 CH 120.1208.5899.1    <NA>           Gitta       2
015-11-22     NA     7[] 
 []


Overfull \hbox (90.74873pt too wide) in paragraph at lines 295--295
[]\T1/lmtt/m/n/10 ## 9     9 GINA                  HARRY          CH120.1208~ 2
020-01-18      6     8[] 
 []


Overfull \hbox (17.24895pt too wide) in paragraph at lines 331--331
[]\T1/lmtt/m/n/10 ##   Bianca Ginger Hill Angus 133 HIBISCUS WALBURGA Gibsy HAR
RY Gitta[] 
 []


Overfull \hbox (17.24895pt too wide) in paragraph at lines 331--331
[]\T1/lmtt/m/n/10 ## 1 1.0000                0.0000   0.0000   0.0000 0.500 0.0
00  0.25[] 
 []


Overfull \hbox (17.24895pt too wide) in paragraph at lines 331--331
[]\T1/lmtt/m/n/10 ## 2 0.0000                1.0000   0.0000   0.0000 0.500 0.0
00  0.25[] 
 []

[3]
Overfull \hbox (17.24895pt too wide) in paragraph at lines 331--331
[]\T1/lmtt/m/n/10 ## 3 0.0000                0.0000   1.0000   0.0000 0.000 0.5
00  0.25[] 
 []


Overfull \hbox (17.24895pt too wide) in paragraph at lines 331--331
[]\T1/lmtt/m/n/10 ## 4 0.0000                0.0000   0.0000   1.0000 0.000 0.5
00  0.25[] 
 []


Overfull \hbox (17.24895pt too wide) in paragraph at lines 331--331
[]\T1/lmtt/m/n/10 ## 5 0.5000                0.5000   0.0000   0.0000 1.000 0.0
00  0.50[] 
 []


Overfull \hbox (17.24895pt too wide) in paragraph at lines 331--331
[]\T1/lmtt/m/n/10 ## 6 0.0000                0.0000   0.5000   0.5000 0.000 1.0
00  0.50[] 
 []


Overfull \hbox (17.24895pt too wide) in paragraph at lines 331--331
[]\T1/lmtt/m/n/10 ## 7 0.2500                0.2500   0.2500   0.2500 0.500 0.5
00  1.00[] 
 []


Overfull \hbox (17.24895pt too wide) in paragraph at lines 331--331
[]\T1/lmtt/m/n/10 ## 8 0.1250                0.1250   0.1250   0.1250 0.250 0.2
50  0.50[] 
 []


Overfull \hbox (17.24895pt too wide) in paragraph at lines 331--331
[]\T1/lmtt/m/n/10 ## 9 0.0625                0.0625   0.3125   0.3125 0.125 0.6
25  0.50[] 
 []

[4] [5

]
LaTeX Font Info:    Trying to load font information for TS1+lmtt on input line 
421.
(/Users/pvr/Library/TinyTeX/texmf-dist/tex/latex/lm/ts1lmtt.fd
File: ts1lmtt.fd 2015/05/01 v1.6.1 Font defs for Latin Modern
) [6

]

Package amsmath Warning: Foreign command \over;
(amsmath)                \frac or \genfrac should be used instead
(amsmath)                 on input line 496.

[7

] [8

]
LaTeX Font Info:    Trying to load font information for TS1+lmr on input line 5
85.
(/Users/pvr/Library/TinyTeX/texmf-dist/tex/latex/lm/ts1lmr.fd
File: ts1lmr.fd 2015/05/01 v1.6.1 Font defs for Latin Modern
) [9

] [10] [11

] [12]
Overfull \hbox (10.96944pt too wide) in paragraph at lines 784--795
 [] 
 []

[13

] [14

] [15

] [16]
LaTeX Font Info:    Font shape `T1/lmtt/bx/n' in size <10> not available
(Font)              Font shape `T1/lmtt/b/n' tried instead on input line 997.
[17

]
Overfull \hbox (6.74898pt too wide) in paragraph at lines 1087--1087
[]\T1/lmtt/m/n/10 ##      6662 6561 6258 6108 6687 6127 7519 7399 7151 8418 841
9 8420[] 
 []

[18]
Overfull \hbox (6.74898pt too wide) in paragraph at lines 1087--1087
[]\T1/lmtt/m/n/10 ## 6662  1.5  0.0  0.0  0.5  0.0  0.0   -1  0.0  0.0    0    
0    0[] 
 []


Overfull \hbox (6.74898pt too wide) in paragraph at lines 1087--1087
[]\T1/lmtt/m/n/10 ## 6561  0.0  1.5  0.0  0.0  0.5  0.0    0 -1.0  0.0    0    
0    0[] 
 []


Overfull \hbox (6.74898pt too wide) in paragraph at lines 1087--1087
[]\T1/lmtt/m/n/10 ## 6258  0.0  0.0  1.5  0.0  0.0  0.5    0  0.0 -1.0    0    
0    0[] 
 []


Overfull \hbox (6.74898pt too wide) in paragraph at lines 1087--1087
[]\T1/lmtt/m/n/10 ## 6108  0.5  0.0  0.0  1.5  0.0  0.0   -1  0.0  0.0    0    
0    0[] 
 []


Overfull \hbox (6.74898pt too wide) in paragraph at lines 1087--1087
[]\T1/lmtt/m/n/10 ## 6687  0.0  0.5  0.0  0.0  1.5  0.0    0 -1.0  0.0    0    
0    0[] 
 []


Overfull \hbox (6.74898pt too wide) in paragraph at lines 1087--1087
[]\T1/lmtt/m/n/10 ## 6127  0.0  0.0  0.5  0.0  0.0  1.5    0  0.0 -1.0    0    
0    0[] 
 []


Overfull \hbox (6.74898pt too wide) in paragraph at lines 1087--1087
[]\T1/lmtt/m/n/10 ## 7519 -1.0  0.0  0.0 -1.0  0.0  0.0    3  0.0  1.0    0   -
1   -1[] 
 []


Overfull \hbox (6.74898pt too wide) in paragraph at lines 1087--1087
[]\T1/lmtt/m/n/10 ## 7399  0.0 -1.0  0.0  0.0 -1.0  0.0    0  2.5  0.5   -1    
0    0[] 
 []


Overfull \hbox (6.74898pt too wide) in paragraph at lines 1087--1087
[]\T1/lmtt/m/n/10 ## 7151  0.0  0.0 -1.0  0.0  0.0 -1.0    1  0.5  3.5   -1   -
1   -1[] 
 []


Overfull \hbox (6.74898pt too wide) in paragraph at lines 1087--1087
[]\T1/lmtt/m/n/10 ## 8418  0.0  0.0  0.0  0.0  0.0  0.0    0 -1.0 -1.0    2    
0    0[] 
 []


Overfull \hbox (6.74898pt too wide) in paragraph at lines 1087--1087
[]\T1/lmtt/m/n/10 ## 8419  0.0  0.0  0.0  0.0  0.0  0.0   -1  0.0 -1.0    0    
2    0[] 
 []


Overfull \hbox (6.74898pt too wide) in paragraph at lines 1087--1087
[]\T1/lmtt/m/n/10 ## 8420  0.0  0.0  0.0  0.0  0.0  0.0   -1  0.0 -1.0    0    
0    2[] 
 []


Overfull \hbox (22.49893pt too wide) in paragraph at lines 1135--1135
[]\T1/lmtt/m/n/10 ##      [,1] [,2] [,3] [,4] [,5] [,6] [,7] [,8] [,9] [,10] [,
11] [,12][] 
 []


Overfull \hbox (22.49893pt too wide) in paragraph at lines 1135--1135
[]\T1/lmtt/m/n/10 ## [1,]    0    0    0    0    0    0    1    0    0     0   
  0     0[] 
 []


Overfull \hbox (22.49893pt too wide) in paragraph at lines 1135--1135
[]\T1/lmtt/m/n/10 ## [2,]    0    0    0    0    0    0    0    1    0     0   
  0     0[] 
 []


Overfull \hbox (22.49893pt too wide) in paragraph at lines 1135--1135
[]\T1/lmtt/m/n/10 ## [3,]    0    0    0    0    0    0    0    0    1     0   
  0     0[] 
 []


Overfull \hbox (22.49893pt too wide) in paragraph at lines 1135--1135
[]\T1/lmtt/m/n/10 ## [4,]    0    0    0    0    0    0    0    0    0     1   
  0     0[] 
 []


Overfull \hbox (22.49893pt too wide) in paragraph at lines 1135--1135
[]\T1/lmtt/m/n/10 ## [5,]    0    0    0    0    0    0    0    0    0     0   
  1     0[] 
 []


Overfull \hbox (22.49893pt too wide) in paragraph at lines 1135--1135
[]\T1/lmtt/m/n/10 ## [6,]    0    0    0    0    0    0    0    0    0     0   
  0     1[] 
 []

[19] [20] [21

] [22

] [23] [24

]
Overfull \hbox (32.9989pt too wide) in paragraph at lines 1422--1422
[]\T1/lmtt/m/n/10 ##  [1]  -0.05202814  -2.62222084   5.31580514  -2.86339731  
-2.65947574[] 
 []


Overfull \hbox (32.9989pt too wide) in paragraph at lines 1422--1422
[]\T1/lmtt/m/n/10 ##  [6]   7.69254279  -4.63416255  -8.90061068 -10.44130157  
-4.39494686[] 
 []


Overfull \hbox (32.9989pt too wide) in paragraph at lines 1422--1422
[]\T1/lmtt/m/n/10 ## [11]   7.65528788  17.37584381   1.59128612   5.23345220  
-2.73790711[] 
 []

[25] (./20211217_sol_exam.aux)
Package rerunfilecheck Info: File `20211217_sol_exam.out' has not changed.
(rerunfilecheck)             Checksum: 5966A3304B0675130AA97B73A90CFFC8;1155.
 ) 
Here is how much of TeX's memory you used:
 12895 strings out of 480313
 205317 string characters out of 5896786
 541746 words of memory out of 5000000
 30383 multiletter control sequences out of 15000+600000
 460576 words of font info for 137 fonts, out of 8000000 for 9000
 14 hyphenation exceptions out of 8191
 60i,8n,63p,1014b,497s stack positions out of 5000i,500n,10000p,200000b,80000s
{/Users/pvr/Library/TinyTeX/texmf-dist/fonts/enc/dvips/lm/lm-ec.enc}{/Users/p
vr/Library/TinyTeX/texmf-dist/fonts/enc/dvips/lm/lm-ts1.enc}{/Users/pvr/Library
/TinyTeX/texmf-dist/fonts/enc/dvips/lm/lm-mathsy.enc}{/Users/pvr/Library/TinyTe
X/texmf-dist/fonts/enc/dvips/lm/lm-rm.enc}{/Users/pvr/Library/TinyTeX/texmf-dis
t/fonts/enc/dvips/lm/lm-mathit.enc}{/Users/pvr/Library/TinyTeX/texmf-dist/fonts
/enc/dvips/lm/lm-mathex.enc}</Users/pvr/Library/TinyTeX/texmf-dist/fonts/type1/
public/lm/lmbx10.pfb></Users/pvr/Library/TinyTeX/texmf-dist/fonts/type1/public/
lm/lmbx12.pfb></Users/pvr/Library/TinyTeX/texmf-dist/fonts/type1/public/lm/lmcs
c10.pfb></Users/pvr/Library/TinyTeX/texmf-dist/fonts/type1/public/lm/lmcsco10.p
fb></Users/pvr/Library/TinyTeX/texmf-dist/fonts/type1/public/lm/lmex10.pfb></Us
ers/pvr/Library/TinyTeX/texmf-dist/fonts/type1/public/lm/lmmi10.pfb></Users/pvr
/Library/TinyTeX/texmf-dist/fonts/type1/public/lm/lmmi7.pfb></Users/pvr/Library
/TinyTeX/texmf-dist/fonts/type1/public/lm/lmr10.pfb></Users/pvr/Library/TinyTeX
/texmf-dist/fonts/type1/public/lm/lmr12.pfb></Users/pvr/Library/TinyTeX/texmf-d
ist/fonts/type1/public/lm/lmr17.pfb></Users/pvr/Library/TinyTeX/texmf-dist/font
s/type1/public/lm/lmr7.pfb></Users/pvr/Library/TinyTeX/texmf-dist/fonts/type1/p
ublic/lm/lmri10.pfb></Users/pvr/Library/TinyTeX/texmf-dist/fonts/type1/public/l
m/lmsy10.pfb></Users/pvr/Library/TinyTeX/texmf-dist/fonts/type1/public/lm/lmsy7
.pfb></Users/pvr/Library/TinyTeX/texmf-dist/fonts/type1/public/lm/lmtk10.pfb></
Users/pvr/Library/TinyTeX/texmf-dist/fonts/type1/public/lm/lmtt10.pfb></Users/p
vr/Library/TinyTeX/texmf-dist/fonts/type1/public/lm/lmtti10.pfb></Users/pvr/Lib
rary/TinyTeX/texmf-dist/fonts/type1/public/amsfonts/symbols/msam10.pfb>
Output written on 20211217_sol_exam.pdf (25 pages, 392349 bytes).
PDF statistics:
 264 PDF objects out of 1000 (max. 8388607)
 196 compressed objects within 2 object streams
 36 named destinations out of 1000 (max. 500000)
 30761 words of extra memory for PDF output out of 35830 (max. 10000000)

